<?xml version="1.0" encoding="UTF-8"?>
<coverage generated="1768577850553" clover="3.2.0">
  <project timestamp="1768577850553" name="All files">
    <metrics statements="121" coveredstatements="110" conditionals="72" coveredconditionals="51" methods="18" coveredmethods="18" elements="211" coveredelements="179" complexity="0" loc="121" ncloc="121" packages="1" files="2" classes="2"/>
    <file name="orderReportRefacto.ts" path="/Users/guillaumerak-lecler/Documents/ALT/js_ts/legacy/orderReportRefacto.ts">
      <metrics statements="89" coveredstatements="85" conditionals="43" coveredconditionals="30" methods="11" coveredmethods="11"/>
      <line num="1" count="2" type="stmt"/>
      <line num="2" count="2" type="stmt"/>
      <line num="11" count="2" type="stmt"/>
      <line num="14" count="2" type="stmt"/>
      <line num="15" count="2" type="stmt"/>
      <line num="16" count="2" type="stmt"/>
      <line num="17" count="2" type="stmt"/>
      <line num="20" count="2" type="stmt"/>
      <line num="21" count="12" type="stmt"/>
      <line num="35" count="2" type="stmt"/>
      <line num="36" count="16" type="stmt"/>
      <line num="49" count="2" type="stmt"/>
      <line num="50" count="4" type="stmt"/>
      <line num="61" count="2" type="cond" truecount="1" falsecount="0"/>
      <line num="62" count="1" type="stmt"/>
      <line num="63" count="5" type="stmt"/>
      <line num="76" count="27" type="stmt"/>
      <line num="89" count="2" type="stmt"/>
      <line num="90" count="2" type="stmt"/>
      <line num="91" count="2" type="stmt"/>
      <line num="92" count="2" type="stmt"/>
      <line num="93" count="2" type="stmt"/>
      <line num="94" count="2" type="stmt"/>
      <line num="96" count="2" type="stmt"/>
      <line num="97" count="2" type="stmt"/>
      <line num="99" count="2" type="stmt"/>
      <line num="100" count="27" type="stmt"/>
      <line num="101" count="27" type="cond" truecount="2" falsecount="0"/>
      <line num="102" count="27" type="stmt"/>
      <line num="104" count="27" type="cond" truecount="2" falsecount="0"/>
      <line num="105" count="27" type="cond" truecount="1" falsecount="0"/>
      <line num="106" count="5" type="cond" truecount="1" falsecount="1"/>
      <line num="107" count="5" type="stmt"/>
      <line num="109" count="0" type="stmt"/>
      <line num="113" count="27" type="stmt"/>
      <line num="114" count="27" type="cond" truecount="1" falsecount="0"/>
      <line num="116" count="27" type="cond" truecount="2" falsecount="0"/>
      <line num="117" count="27" type="stmt"/>
      <line num="118" count="27" type="cond" truecount="2" falsecount="0"/>
      <line num="119" count="27" type="stmt"/>
      <line num="122" count="2" type="stmt"/>
      <line num="124" count="2" type="stmt"/>
      <line num="125" count="12" type="stmt"/>
      <line num="126" count="12" type="stmt"/>
      <line num="127" count="12" type="stmt"/>
      <line num="128" count="12" type="stmt"/>
      <line num="129" count="12" type="cond" truecount="1" falsecount="1"/>
      <line num="131" count="12" type="stmt"/>
      <line num="132" count="12" type="cond" truecount="1" falsecount="0"/>
      <line num="133" count="3" type="stmt"/>
      <line num="134" count="3" type="stmt"/>
      <line num="135" count="3" type="stmt"/>
      <line num="136" count="3" type="stmt"/>
      <line num="139" count="12" type="stmt"/>
      <line num="141" count="12" type="stmt"/>
      <line num="142" count="12" type="stmt"/>
      <line num="143" count="12" type="stmt"/>
      <line num="144" count="12" type="stmt"/>
      <line num="145" count="12" type="cond" truecount="3" falsecount="0"/>
      <line num="146" count="10" type="stmt"/>
      <line num="147" count="10" type="stmt"/>
      <line num="151" count="12" type="stmt"/>
      <line num="152" count="12" type="cond" truecount="2" falsecount="0"/>
      <line num="153" count="2" type="stmt"/>
      <line num="155" count="10" type="stmt"/>
      <line num="156" count="25" type="stmt"/>
      <line num="157" count="25" type="cond" truecount="2" falsecount="1"/>
      <line num="158" count="0" type="cond" truecount="0" falsecount="2"/>
      <line num="159" count="0" type="stmt"/>
      <line num="162" count="10" type="stmt"/>
      <line num="165" count="12" type="stmt"/>
      <line num="167" count="12" type="stmt"/>
      <line num="169" count="12" type="stmt"/>
      <line num="170" count="12" type="stmt"/>
      <line num="171" count="12" type="stmt"/>
      <line num="172" count="12" type="stmt"/>
      <line num="173" count="12" type="stmt"/>
      <line num="174" count="12" type="stmt"/>
      <line num="175" count="12" type="stmt"/>
      <line num="176" count="12" type="stmt"/>
      <line num="177" count="12" type="stmt"/>
      <line num="178" count="12" type="cond" truecount="1" falsecount="1"/>
      <line num="179" count="12" type="stmt"/>
      <line num="183" count="2" type="stmt"/>
      <line num="184" count="2" type="stmt"/>
      <line num="185" count="2" type="stmt"/>
      <line num="189" count="2" type="cond" truecount="0" falsecount="1"/>
      <line num="190" count="0" type="stmt"/>
      <line num="193" count="2" type="stmt"/>
    </file>
    <file name="utils.ts" path="/Users/guillaumerak-lecler/Documents/ALT/js_ts/legacy/utils.ts">
      <metrics statements="32" coveredstatements="25" conditionals="29" coveredconditionals="21" methods="7" coveredmethods="7"/>
      <line num="1" count="4" type="stmt"/>
      <line num="6" count="10" type="stmt"/>
      <line num="11" count="67" type="stmt"/>
      <line num="15" count="3" type="stmt"/>
      <line num="16" count="30" type="cond" truecount="2" falsecount="0"/>
      <line num="17" count="30" type="stmt"/>
      <line num="22" count="15" type="cond" truecount="1" falsecount="0"/>
      <line num="23" count="14" type="cond" truecount="1" falsecount="0"/>
      <line num="24" count="13" type="stmt"/>
      <line num="29" count="15" type="stmt"/>
      <line num="30" count="15" type="cond" truecount="4" falsecount="0"/>
      <line num="31" count="11" type="cond" truecount="2" falsecount="0"/>
      <line num="32" count="10" type="cond" truecount="2" falsecount="0"/>
      <line num="33" count="3" type="cond" truecount="1" falsecount="0"/>
      <line num="35" count="15" type="cond" truecount="1" falsecount="0"/>
      <line num="36" count="12" type="stmt"/>
      <line num="37" count="12" type="cond" truecount="3" falsecount="0"/>
      <line num="40" count="15" type="stmt"/>
      <line num="44" count="12" type="stmt"/>
      <line num="45" count="12" type="cond" truecount="2" falsecount="0"/>
      <line num="47" count="12" type="cond" truecount="1" falsecount="1"/>
      <line num="48" count="0" type="cond" truecount="0" falsecount="2"/>
      <line num="49" count="0" type="stmt"/>
      <line num="50" count="0" type="cond" truecount="0" falsecount="2"/>
      <line num="51" count="0" type="stmt"/>
      <line num="53" count="0" type="stmt"/>
      <line num="56" count="0" type="cond" truecount="0" falsecount="3"/>
      <line num="57" count="0" type="stmt"/>
      <line num="60" count="12" type="cond" truecount="1" falsecount="0"/>
      <line num="61" count="3" type="stmt"/>
      <line num="65" count="12" type="stmt"/>
      <line num="70" count="4" type="stmt"/>
    </file>
  </project>
</coverage>
