{"/Users/guillaumerak-lecler/Documents/ALT/js_ts/legacy/orderReportRefacto.ts": {"path":"/Users/guillaumerak-lecler/Documents/ALT/js_ts/legacy/orderReportRefacto.ts","statementMap":{"0":{"start":{"line":194,"column":9},"end":{"line":194,"column":12}},"1":{"start":{"line":1,"column":0},"end":{"line":1,"column":25}},"2":{"start":{"line":2,"column":0},"end":{"line":2,"column":24}},"3":{"start":{"line":11,"column":0},"end":{"line":11,"column":91}},"4":{"start":{"line":14,"column":12},"end":{"line":14,"column":15}},"5":{"start":{"line":15,"column":23},"end":{"line":15,"column":25}},"6":{"start":{"line":16,"column":22},"end":{"line":16,"column":26}},"7":{"start":{"line":17,"column":21},"end":{"line":17,"column":24}},"8":{"start":{"line":20,"column":2},"end":{"line":31,"column":4}},"9":{"start":{"line":21,"column":57},"end":{"line":30,"column":6}},"10":{"start":{"line":35,"column":2},"end":{"line":45,"column":4}},"11":{"start":{"line":36,"column":56},"end":{"line":44,"column":6}},"12":{"start":{"line":49,"column":2},"end":{"line":57,"column":4}},"13":{"start":{"line":50,"column":43},"end":{"line":56,"column":6}},"14":{"start":{"line":61,"column":2},"end":{"line":61,"column":38}},"15":{"start":{"line":61,"column":28},"end":{"line":61,"column":38}},"16":{"start":{"line":62,"column":2},"end":{"line":72,"column":4}},"17":{"start":{"line":63,"column":51},"end":{"line":71,"column":6}},"18":{"start":{"line":76,"column":2},"end":{"line":85,"column":6}},"19":{"start":{"line":76,"column":88},"end":{"line":85,"column":4}},"20":{"start":{"line":89,"column":15},"end":{"line":89,"column":24}},"21":{"start":{"line":90,"column":20},"end":{"line":90,"column":72}},"22":{"start":{"line":91,"column":19},"end":{"line":91,"column":69}},"23":{"start":{"line":92,"column":16},"end":{"line":92,"column":77}},"24":{"start":{"line":93,"column":21},"end":{"line":93,"column":75}},"25":{"start":{"line":94,"column":17},"end":{"line":94,"column":63}},"26":{"start":{"line":96,"column":18},"end":{"line":96,"column":63}},"27":{"start":{"line":97,"column":38},"end":{"line":97,"column":40}},"28":{"start":{"line":99,"column":2},"end":{"line":120,"column":3}},"29":{"start":{"line":100,"column":17},"end":{"line":100,"column":38}},"30":{"start":{"line":101,"column":22},"end":{"line":101,"column":48}},"31":{"start":{"line":102,"column":15},"end":{"line":102,"column":32}},"32":{"start":{"line":104,"column":18},"end":{"line":104,"column":67}},"33":{"start":{"line":105,"column":4},"end":{"line":111,"column":5}},"34":{"start":{"line":106,"column":6},"end":{"line":110,"column":7}},"35":{"start":{"line":107,"column":8},"end":{"line":107,"column":38}},"36":{"start":{"line":109,"column":8},"end":{"line":109,"column":36}},"37":{"start":{"line":113,"column":17},"end":{"line":113,"column":47}},"38":{"start":{"line":114,"column":4},"end":{"line":114,"column":32}},"39":{"start":{"line":114,"column":19},"end":{"line":114,"column":32}},"40":{"start":{"line":116,"column":4},"end":{"line":116,"column":67}},"41":{"start":{"line":117,"column":4},"end":{"line":117,"column":42}},"42":{"start":{"line":118,"column":4},"end":{"line":118,"column":63}},"43":{"start":{"line":119,"column":4},"end":{"line":119,"column":39}},"44":{"start":{"line":122,"column":27},"end":{"line":122,"column":29}},"45":{"start":{"line":124,"column":2},"end":{"line":181,"column":1}},"46":{"start":{"line":125,"column":17},"end":{"line":125,"column":31}},"47":{"start":{"line":126,"column":16},"end":{"line":126,"column":36}},"48":{"start":{"line":127,"column":15},"end":{"line":127,"column":46}},"49":{"start":{"line":128,"column":14},"end":{"line":128,"column":48}},"50":{"start":{"line":130,"column":20},"end":{"line":130,"column":30}},"51":{"start":{"line":131,"column":4},"end":{"line":136,"column":5}},"52":{"start":{"line":132,"column":22},"end":{"line":132,"column":46}},"53":{"start":{"line":133,"column":8},"end":{"line":133,"column":22}},"54":{"start":{"line":134,"column":8},"end":{"line":134,"column":21}},"55":{"start":{"line":135,"column":8},"end":{"line":135,"column":33}},"56":{"start":{"line":138,"column":20},"end":{"line":138,"column":35}},"57":{"start":{"line":140,"column":18},"end":{"line":140,"column":35}},"58":{"start":{"line":141,"column":21},"end":{"line":141,"column":25}},"59":{"start":{"line":142,"column":4},"end":{"line":148,"column":5}},"60":{"start":{"line":143,"column":19},"end":{"line":143,"column":43}},"61":{"start":{"line":144,"column":6},"end":{"line":147,"column":7}},"62":{"start":{"line":145,"column":8},"end":{"line":145,"column":27}},"63":{"start":{"line":146,"column":8},"end":{"line":146,"column":14}},"64":{"start":{"line":150,"column":14},"end":{"line":150,"column":15}},"65":{"start":{"line":151,"column":4},"end":{"line":162,"column":5}},"66":{"start":{"line":152,"column":6},"end":{"line":152,"column":50}},"67":{"start":{"line":154,"column":6},"end":{"line":160,"column":7}},"68":{"start":{"line":155,"column":21},"end":{"line":155,"column":45}},"69":{"start":{"line":156,"column":8},"end":{"line":159,"column":9}},"70":{"start":{"line":157,"column":28},"end":{"line":157,"column":69}},"71":{"start":{"line":158,"column":10},"end":{"line":158,"column":33}},"72":{"start":{"line":161,"column":6},"end":{"line":161,"column":40}},"73":{"start":{"line":165,"column":17},"end":{"line":165,"column":68}},"74":{"start":{"line":166,"column":17},"end":{"line":166,"column":87}},"75":{"start":{"line":168,"column":18},"end":{"line":168,"column":64}},"76":{"start":{"line":170,"column":4},"end":{"line":170,"column":51}},"77":{"start":{"line":171,"column":4},"end":{"line":171,"column":98}},"78":{"start":{"line":172,"column":4},"end":{"line":172,"column":47}},"79":{"start":{"line":173,"column":4},"end":{"line":173,"column":53}},"80":{"start":{"line":174,"column":4},"end":{"line":174,"column":59}},"81":{"start":{"line":175,"column":4},"end":{"line":175,"column":59}},"82":{"start":{"line":176,"column":4},"end":{"line":176,"column":42}},"83":{"start":{"line":177,"column":4},"end":{"line":177,"column":107}},"84":{"start":{"line":178,"column":4},"end":{"line":178,"column":63}},"85":{"start":{"line":179,"column":4},"end":{"line":179,"column":68}},"86":{"start":{"line":180,"column":4},"end":{"line":180,"column":20}},"87":{"start":{"line":184,"column":17},"end":{"line":184,"column":34}},"88":{"start":{"line":185,"column":2},"end":{"line":185,"column":22}},"89":{"start":{"line":186,"column":2},"end":{"line":186,"column":16}},"90":{"start":{"line":190,"column":0},"end":{"line":192,"column":1}},"91":{"start":{"line":191,"column":2},"end":{"line":191,"column":8}}},"fnMap":{"0":{"name":"loadCustomers","decl":{"start":{"line":19,"column":9},"end":{"line":19,"column":22}},"loc":{"start":{"line":19,"column":35},"end":{"line":32,"column":1}}},"1":{"name":"(anonymous_11)","decl":{"start":{"line":21,"column":18},"end":{"line":21,"column":19}},"loc":{"start":{"line":21,"column":57},"end":{"line":30,"column":6}}},"2":{"name":"loadProducts","decl":{"start":{"line":34,"column":9},"end":{"line":34,"column":21}},"loc":{"start":{"line":34,"column":34},"end":{"line":46,"column":1}}},"3":{"name":"(anonymous_13)","decl":{"start":{"line":36,"column":18},"end":{"line":36,"column":19}},"loc":{"start":{"line":36,"column":56},"end":{"line":44,"column":6}}},"4":{"name":"loadShippingZones","decl":{"start":{"line":48,"column":9},"end":{"line":48,"column":26}},"loc":{"start":{"line":48,"column":39},"end":{"line":58,"column":1}}},"5":{"name":"(anonymous_15)","decl":{"start":{"line":50,"column":18},"end":{"line":50,"column":19}},"loc":{"start":{"line":50,"column":43},"end":{"line":56,"column":6}}},"6":{"name":"loadPromotions","decl":{"start":{"line":60,"column":9},"end":{"line":60,"column":23}},"loc":{"start":{"line":60,"column":36},"end":{"line":73,"column":1}}},"7":{"name":"(anonymous_17)","decl":{"start":{"line":63,"column":18},"end":{"line":63,"column":19}},"loc":{"start":{"line":63,"column":51},"end":{"line":71,"column":6}}},"8":{"name":"loadOrders","decl":{"start":{"line":75,"column":9},"end":{"line":75,"column":19}},"loc":{"start":{"line":75,"column":32},"end":{"line":86,"column":1}}},"9":{"name":"(anonymous_19)","decl":{"start":{"line":76,"column":23},"end":{"line":76,"column":24}},"loc":{"start":{"line":76,"column":88},"end":{"line":85,"column":4}}},"10":{"name":"run","decl":{"start":{"line":88,"column":9},"end":{"line":88,"column":12}},"loc":{"start":{"line":88,"column":12},"end":{"line":187,"column":1}}}},"branchMap":{"0":{"loc":{"start":{"line":26,"column":16},"end":{"line":26,"column":40}},"type":"binary-expr","locations":[{"start":{"line":26,"column":16},"end":{"line":26,"column":29}},{"start":{"line":26,"column":33},"end":{"line":26,"column":40}}]},"1":{"loc":{"start":{"line":27,"column":22},"end":{"line":27,"column":37}},"type":"binary-expr","locations":[{"start":{"line":27,"column":22},"end":{"line":27,"column":26}},{"start":{"line":27,"column":30},"end":{"line":27,"column":37}}]},"2":{"loc":{"start":{"line":28,"column":19},"end":{"line":28,"column":44}},"type":"binary-expr","locations":[{"start":{"line":28,"column":19},"end":{"line":28,"column":35}},{"start":{"line":28,"column":39},"end":{"line":28,"column":44}}]},"3":{"loc":{"start":{"line":41,"column":27},"end":{"line":41,"column":40}},"type":"binary-expr","locations":[{"start":{"line":41,"column":27},"end":{"line":41,"column":33}},{"start":{"line":41,"column":37},"end":{"line":41,"column":40}}]},"4":{"loc":{"start":{"line":54,"column":26},"end":{"line":54,"column":40}},"type":"binary-expr","locations":[{"start":{"line":54,"column":26},"end":{"line":54,"column":31}},{"start":{"line":54,"column":35},"end":{"line":54,"column":40}}]},"5":{"loc":{"start":{"line":61,"column":2},"end":{"line":61,"column":38}},"type":"if","locations":[{"start":{"line":61,"column":2},"end":{"line":61,"column":38}}]},"6":{"loc":{"start":{"line":83,"column":15},"end":{"line":83,"column":33}},"type":"binary-expr","locations":[{"start":{"line":83,"column":15},"end":{"line":83,"column":20}},{"start":{"line":83,"column":24},"end":{"line":83,"column":33}}]},"7":{"loc":{"start":{"line":84,"column":10},"end":{"line":84,"column":25}},"type":"binary-expr","locations":[{"start":{"line":84,"column":10},"end":{"line":84,"column":14}},{"start":{"line":84,"column":18},"end":{"line":84,"column":25}}]},"8":{"loc":{"start":{"line":101,"column":22},"end":{"line":101,"column":48}},"type":"binary-expr","locations":[{"start":{"line":101,"column":22},"end":{"line":101,"column":33}},{"start":{"line":101,"column":37},"end":{"line":101,"column":48}}]},"9":{"loc":{"start":{"line":104,"column":18},"end":{"line":104,"column":67}},"type":"cond-expr","locations":[{"start":{"line":104,"column":32},"end":{"line":104,"column":55}},{"start":{"line":104,"column":58},"end":{"line":104,"column":67}}]},"10":{"loc":{"start":{"line":105,"column":4},"end":{"line":111,"column":5}},"type":"if","locations":[{"start":{"line":105,"column":4},"end":{"line":111,"column":5}}]},"11":{"loc":{"start":{"line":106,"column":6},"end":{"line":110,"column":7}},"type":"if","locations":[{"start":{"line":106,"column":6},"end":{"line":110,"column":7}},{"start":{"line":108,"column":13},"end":{"line":110,"column":7}}]},"12":{"loc":{"start":{"line":114,"column":4},"end":{"line":114,"column":32}},"type":"if","locations":[{"start":{"line":114,"column":4},"end":{"line":114,"column":32}}]},"13":{"loc":{"start":{"line":116,"column":4},"end":{"line":116,"column":67}},"type":"binary-expr","locations":[{"start":{"line":116,"column":4},"end":{"line":116,"column":29}},{"start":{"line":116,"column":4},"end":{"line":116,"column":66}}]},"14":{"loc":{"start":{"line":118,"column":36},"end":{"line":118,"column":53}},"type":"binary-expr","locations":[{"start":{"line":118,"column":36},"end":{"line":118,"column":48}},{"start":{"line":118,"column":52},"end":{"line":118,"column":53}}]},"15":{"loc":{"start":{"line":128,"column":30},"end":{"line":128,"column":47}},"type":"binary-expr","locations":[{"start":{"line":128,"column":30},"end":{"line":128,"column":42}},{"start":{"line":128,"column":46},"end":{"line":128,"column":47}}]},"16":{"loc":{"start":{"line":131,"column":4},"end":{"line":136,"column":5}},"type":"if","locations":[{"start":{"line":131,"column":4},"end":{"line":136,"column":5}}]},"17":{"loc":{"start":{"line":144,"column":6},"end":{"line":147,"column":7}},"type":"if","locations":[{"start":{"line":144,"column":6},"end":{"line":147,"column":7}}]},"18":{"loc":{"start":{"line":144,"column":10},"end":{"line":144,"column":40}},"type":"binary-expr","locations":[{"start":{"line":144,"column":10},"end":{"line":144,"column":14}},{"start":{"line":144,"column":18},"end":{"line":144,"column":40}}]},"19":{"loc":{"start":{"line":151,"column":4},"end":{"line":162,"column":5}},"type":"if","locations":[{"start":{"line":151,"column":4},"end":{"line":162,"column":5}},{"start":{"line":153,"column":11},"end":{"line":162,"column":5}}]},"20":{"loc":{"start":{"line":156,"column":8},"end":{"line":159,"column":9}},"type":"if","locations":[{"start":{"line":156,"column":8},"end":{"line":159,"column":9}}]},"21":{"loc":{"start":{"line":156,"column":12},"end":{"line":156,"column":42}},"type":"binary-expr","locations":[{"start":{"line":156,"column":12},"end":{"line":156,"column":16}},{"start":{"line":156,"column":20},"end":{"line":156,"column":42}}]},"22":{"loc":{"start":{"line":157,"column":40},"end":{"line":157,"column":68}},"type":"binary-expr","locations":[{"start":{"line":157,"column":40},"end":{"line":157,"column":50}},{"start":{"line":157,"column":54},"end":{"line":157,"column":68}}]},"23":{"loc":{"start":{"line":165,"column":17},"end":{"line":165,"column":68}},"type":"binary-expr","locations":[{"start":{"line":165,"column":17},"end":{"line":165,"column":41}},{"start":{"line":165,"column":45},"end":{"line":165,"column":68}}]},"24":{"loc":{"start":{"line":166,"column":17},"end":{"line":166,"column":87}},"type":"cond-expr","locations":[{"start":{"line":166,"column":40},"end":{"line":166,"column":83}},{"start":{"line":166,"column":86},"end":{"line":166,"column":87}}]},"25":{"loc":{"start":{"line":179,"column":46},"end":{"line":179,"column":63}},"type":"binary-expr","locations":[{"start":{"line":179,"column":46},"end":{"line":179,"column":58}},{"start":{"line":179,"column":62},"end":{"line":179,"column":63}}]},"26":{"loc":{"start":{"line":190,"column":0},"end":{"line":192,"column":1}},"type":"if","locations":[{"start":{"line":190,"column":0},"end":{"line":192,"column":1}}]}},"s":{"0":1,"1":1,"2":1,"3":1,"4":1,"5":1,"6":1,"7":1,"8":1,"9":2,"10":1,"11":1,"12":1,"13":0,"14":1,"15":1,"16":0,"17":0,"18":1,"19":2,"20":1,"21":1,"22":1,"23":1,"24":1,"25":1,"26":1,"27":1,"28":1,"29":2,"30":2,"31":2,"32":2,"33":2,"34":0,"35":0,"36":0,"37":2,"38":2,"39":0,"40":2,"41":2,"42":2,"43":2,"44":1,"45":1,"46":2,"47":2,"48":2,"49":2,"50":2,"51":2,"52":0,"53":0,"54":0,"55":0,"56":2,"57":2,"58":2,"59":2,"60":2,"61":2,"62":0,"63":0,"64":2,"65":2,"66":2,"67":0,"68":0,"69":0,"70":0,"71":0,"72":0,"73":2,"74":2,"75":2,"76":2,"77":2,"78":2,"79":2,"80":2,"81":2,"82":2,"83":2,"84":2,"85":2,"86":2,"87":1,"88":1,"89":1,"90":1,"91":0},"f":{"0":1,"1":2,"2":1,"3":1,"4":1,"5":0,"6":1,"7":0,"8":1,"9":2,"10":1},"b":{"0":[2,0],"1":[2,0],"2":[2,0],"3":[1,0],"4":[0,0],"5":[1],"6":[2,2],"7":[2,0],"8":[2,1],"9":[0,2],"10":[0],"11":[0,0],"12":[0],"13":[2,2],"14":[2,1],"15":[2,0],"16":[0],"17":[0],"18":[2,1],"19":[2,0],"20":[0],"21":[0,0],"22":[0,0],"23":[2,2],"24":[0,2],"25":[2,0],"26":[0]}}
,"/Users/guillaumerak-lecler/Documents/ALT/js_ts/legacy/utils.ts": {"path":"/Users/guillaumerak-lecler/Documents/ALT/js_ts/legacy/utils.ts","statementMap":{"0":{"start":{"line":37,"column":10},"end":{"line":37,"column":17}},"1":{"start":{"line":37,"column":19},"end":{"line":37,"column":41}},"2":{"start":{"line":37,"column":43},"end":{"line":37,"column":58}},"3":{"start":{"line":37,"column":60},"end":{"line":37,"column":74}},"4":{"start":{"line":1,"column":0},"end":{"line":1,"column":25}},"5":{"start":{"line":6,"column":4},"end":{"line":11,"column":44}},"6":{"start":{"line":11,"column":19},"end":{"line":11,"column":42}},"7":{"start":{"line":15,"column":4},"end":{"line":18,"column":37}},"8":{"start":{"line":16,"column":6},"end":{"line":16,"column":88}},"9":{"start":{"line":17,"column":6},"end":{"line":17,"column":17}},"10":{"start":{"line":22,"column":4},"end":{"line":22,"column":58}},"11":{"start":{"line":22,"column":22},"end":{"line":22,"column":58}},"12":{"start":{"line":23,"column":4},"end":{"line":23,"column":56}},"13":{"start":{"line":23,"column":22},"end":{"line":23,"column":56}},"14":{"start":{"line":24,"column":4},"end":{"line":24,"column":13}},"15":{"start":{"line":29,"column":4},"end":{"line":29,"column":60}},"16":{"start":{"line":29,"column":43},"end":{"line":29,"column":60}},"17":{"start":{"line":30,"column":4},"end":{"line":30,"column":37}},"18":{"start":{"line":30,"column":19},"end":{"line":30,"column":37}},"19":{"start":{"line":31,"column":4},"end":{"line":31,"column":36}},"20":{"start":{"line":31,"column":19},"end":{"line":31,"column":36}},"21":{"start":{"line":32,"column":4},"end":{"line":32,"column":36}},"22":{"start":{"line":32,"column":18},"end":{"line":32,"column":36}},"23":{"start":{"line":33,"column":4},"end":{"line":33,"column":13}}},"fnMap":{"0":{"name":"readCsv","decl":{"start":{"line":5,"column":10},"end":{"line":5,"column":17}},"loc":{"start":{"line":5,"column":67},"end":{"line":12,"column":3}}},"1":{"name":"(anonymous_10)","decl":{"start":{"line":11,"column":11},"end":{"line":11,"column":15}},"loc":{"start":{"line":11,"column":19},"end":{"line":11,"column":42}}},"2":{"name":"calculateLoyaltyPoints","decl":{"start":{"line":14,"column":10},"end":{"line":14,"column":32}},"loc":{"start":{"line":14,"column":70},"end":{"line":19,"column":3}}},"3":{"name":"(anonymous_12)","decl":{"start":{"line":15,"column":25},"end":{"line":15,"column":26}},"loc":{"start":{"line":15,"column":36},"end":{"line":18,"column":5}}},"4":{"name":"loyaltyDiscount","decl":{"start":{"line":21,"column":11},"end":{"line":21,"column":26}},"loc":{"start":{"line":21,"column":41},"end":{"line":25,"column":3}}},"5":{"name":"volumeDiscount","decl":{"start":{"line":28,"column":10},"end":{"line":28,"column":24}},"loc":{"start":{"line":28,"column":62},"end":{"line":34,"column":3}}}},"branchMap":{"0":{"loc":{"start":{"line":16,"column":27},"end":{"line":16,"column":49}},"type":"binary-expr","locations":[{"start":{"line":16,"column":27},"end":{"line":16,"column":44}},{"start":{"line":16,"column":48},"end":{"line":16,"column":49}}]},"1":{"loc":{"start":{"line":22,"column":4},"end":{"line":22,"column":58}},"type":"if","locations":[{"start":{"line":22,"column":4},"end":{"line":22,"column":58}}]},"2":{"loc":{"start":{"line":23,"column":4},"end":{"line":23,"column":56}},"type":"if","locations":[{"start":{"line":23,"column":4},"end":{"line":23,"column":56}}]},"3":{"loc":{"start":{"line":29,"column":4},"end":{"line":29,"column":60}},"type":"if","locations":[{"start":{"line":29,"column":4},"end":{"line":29,"column":60}}]},"4":{"loc":{"start":{"line":29,"column":8},"end":{"line":29,"column":41}},"type":"binary-expr","locations":[{"start":{"line":29,"column":8},"end":{"line":29,"column":18}},{"start":{"line":29,"column":22},"end":{"line":29,"column":41}}]},"5":{"loc":{"start":{"line":30,"column":4},"end":{"line":30,"column":37}},"type":"if","locations":[{"start":{"line":30,"column":4},"end":{"line":30,"column":37}}]},"6":{"loc":{"start":{"line":31,"column":4},"end":{"line":31,"column":36}},"type":"if","locations":[{"start":{"line":31,"column":4},"end":{"line":31,"column":36}}]},"7":{"loc":{"start":{"line":32,"column":4},"end":{"line":32,"column":36}},"type":"if","locations":[{"start":{"line":32,"column":4},"end":{"line":32,"column":36}}]}},"s":{"0":3,"1":3,"2":3,"3":3,"4":3,"5":5,"6":8,"7":2,"8":5,"9":5,"10":5,"11":1,"12":4,"13":1,"14":3,"15":5,"16":1,"17":4,"18":1,"19":3,"20":1,"21":2,"22":1,"23":1},"f":{"0":5,"1":8,"2":2,"3":5,"4":5,"5":5},"b":{"0":[5,4],"1":[1],"2":[1],"3":[1],"4":[5,1],"5":[1],"6":[1],"7":[1]}}
}
