{"/Users/guillaumerak-lecler/Documents/ALT/js_ts/legacy/orderReportRefacto.ts": {"path":"/Users/guillaumerak-lecler/Documents/ALT/js_ts/legacy/orderReportRefacto.ts","statementMap":{"0":{"start":{"line":218,"column":9},"end":{"line":218,"column":12}},"1":{"start":{"line":1,"column":0},"end":{"line":1,"column":25}},"2":{"start":{"line":2,"column":0},"end":{"line":2,"column":24}},"3":{"start":{"line":11,"column":0},"end":{"line":11,"column":91}},"4":{"start":{"line":14,"column":12},"end":{"line":14,"column":15}},"5":{"start":{"line":15,"column":23},"end":{"line":15,"column":25}},"6":{"start":{"line":16,"column":22},"end":{"line":16,"column":26}},"7":{"start":{"line":17,"column":21},"end":{"line":17,"column":24}},"8":{"start":{"line":20,"column":2},"end":{"line":31,"column":4}},"9":{"start":{"line":21,"column":57},"end":{"line":30,"column":6}},"10":{"start":{"line":35,"column":2},"end":{"line":45,"column":4}},"11":{"start":{"line":36,"column":56},"end":{"line":44,"column":6}},"12":{"start":{"line":49,"column":2},"end":{"line":57,"column":4}},"13":{"start":{"line":50,"column":43},"end":{"line":56,"column":6}},"14":{"start":{"line":61,"column":2},"end":{"line":61,"column":38}},"15":{"start":{"line":61,"column":28},"end":{"line":61,"column":38}},"16":{"start":{"line":62,"column":2},"end":{"line":72,"column":4}},"17":{"start":{"line":63,"column":51},"end":{"line":71,"column":6}},"18":{"start":{"line":76,"column":2},"end":{"line":85,"column":6}},"19":{"start":{"line":76,"column":88},"end":{"line":85,"column":4}},"20":{"start":{"line":89,"column":15},"end":{"line":89,"column":16}},"21":{"start":{"line":90,"column":17},"end":{"line":90,"column":59}},"22":{"start":{"line":92,"column":4},"end":{"line":108,"column":5}},"23":{"start":{"line":93,"column":6},"end":{"line":99,"column":7}},"24":{"start":{"line":94,"column":8},"end":{"line":94,"column":54}},"25":{"start":{"line":95,"column":13},"end":{"line":99,"column":7}},"26":{"start":{"line":96,"column":8},"end":{"line":96,"column":46}},"27":{"start":{"line":98,"column":8},"end":{"line":98,"column":25}},"28":{"start":{"line":101,"column":6},"end":{"line":103,"column":7}},"29":{"start":{"line":102,"column":8},"end":{"line":102,"column":20}},"30":{"start":{"line":105,"column":6},"end":{"line":107,"column":7}},"31":{"start":{"line":106,"column":8},"end":{"line":106,"column":36}},"32":{"start":{"line":110,"column":4},"end":{"line":110,"column":16}},"33":{"start":{"line":114,"column":15},"end":{"line":114,"column":24}},"34":{"start":{"line":115,"column":20},"end":{"line":115,"column":72}},"35":{"start":{"line":116,"column":19},"end":{"line":116,"column":69}},"36":{"start":{"line":117,"column":16},"end":{"line":117,"column":77}},"37":{"start":{"line":118,"column":21},"end":{"line":118,"column":75}},"38":{"start":{"line":119,"column":17},"end":{"line":119,"column":63}},"39":{"start":{"line":121,"column":18},"end":{"line":121,"column":63}},"40":{"start":{"line":122,"column":38},"end":{"line":122,"column":40}},"41":{"start":{"line":124,"column":2},"end":{"line":145,"column":3}},"42":{"start":{"line":125,"column":17},"end":{"line":125,"column":38}},"43":{"start":{"line":126,"column":22},"end":{"line":126,"column":48}},"44":{"start":{"line":127,"column":15},"end":{"line":127,"column":32}},"45":{"start":{"line":129,"column":18},"end":{"line":129,"column":67}},"46":{"start":{"line":130,"column":4},"end":{"line":136,"column":5}},"47":{"start":{"line":131,"column":6},"end":{"line":135,"column":7}},"48":{"start":{"line":132,"column":8},"end":{"line":132,"column":38}},"49":{"start":{"line":134,"column":8},"end":{"line":134,"column":36}},"50":{"start":{"line":138,"column":17},"end":{"line":138,"column":47}},"51":{"start":{"line":139,"column":4},"end":{"line":139,"column":32}},"52":{"start":{"line":139,"column":19},"end":{"line":139,"column":32}},"53":{"start":{"line":141,"column":4},"end":{"line":141,"column":67}},"54":{"start":{"line":142,"column":4},"end":{"line":142,"column":42}},"55":{"start":{"line":143,"column":4},"end":{"line":143,"column":63}},"56":{"start":{"line":144,"column":4},"end":{"line":144,"column":39}},"57":{"start":{"line":147,"column":27},"end":{"line":147,"column":29}},"58":{"start":{"line":149,"column":2},"end":{"line":205,"column":1}},"59":{"start":{"line":150,"column":17},"end":{"line":150,"column":31}},"60":{"start":{"line":151,"column":16},"end":{"line":151,"column":36}},"61":{"start":{"line":152,"column":27},"end":{"line":152,"column":53}},"62":{"start":{"line":153,"column":15},"end":{"line":153,"column":62}},"63":{"start":{"line":154,"column":14},"end":{"line":154,"column":48}},"64":{"start":{"line":156,"column":20},"end":{"line":156,"column":30}},"65":{"start":{"line":157,"column":4},"end":{"line":162,"column":5}},"66":{"start":{"line":158,"column":22},"end":{"line":158,"column":46}},"67":{"start":{"line":159,"column":8},"end":{"line":159,"column":22}},"68":{"start":{"line":160,"column":8},"end":{"line":160,"column":21}},"69":{"start":{"line":161,"column":8},"end":{"line":161,"column":33}},"70":{"start":{"line":164,"column":20},"end":{"line":164,"column":35}},"71":{"start":{"line":166,"column":18},"end":{"line":166,"column":35}},"72":{"start":{"line":167,"column":21},"end":{"line":167,"column":25}},"73":{"start":{"line":168,"column":4},"end":{"line":174,"column":5}},"74":{"start":{"line":169,"column":19},"end":{"line":169,"column":43}},"75":{"start":{"line":170,"column":6},"end":{"line":173,"column":7}},"76":{"start":{"line":171,"column":8},"end":{"line":171,"column":27}},"77":{"start":{"line":172,"column":8},"end":{"line":172,"column":14}},"78":{"start":{"line":176,"column":14},"end":{"line":176,"column":15}},"79":{"start":{"line":177,"column":4},"end":{"line":188,"column":5}},"80":{"start":{"line":178,"column":6},"end":{"line":178,"column":50}},"81":{"start":{"line":180,"column":6},"end":{"line":186,"column":7}},"82":{"start":{"line":181,"column":21},"end":{"line":181,"column":45}},"83":{"start":{"line":182,"column":8},"end":{"line":185,"column":9}},"84":{"start":{"line":183,"column":28},"end":{"line":183,"column":69}},"85":{"start":{"line":184,"column":10},"end":{"line":184,"column":33}},"86":{"start":{"line":187,"column":6},"end":{"line":187,"column":40}},"87":{"start":{"line":190,"column":17},"end":{"line":190,"column":85}},"88":{"start":{"line":192,"column":18},"end":{"line":192,"column":64}},"89":{"start":{"line":194,"column":4},"end":{"line":194,"column":51}},"90":{"start":{"line":195,"column":4},"end":{"line":195,"column":98}},"91":{"start":{"line":196,"column":4},"end":{"line":196,"column":47}},"92":{"start":{"line":197,"column":4},"end":{"line":197,"column":53}},"93":{"start":{"line":198,"column":4},"end":{"line":198,"column":59}},"94":{"start":{"line":199,"column":4},"end":{"line":199,"column":59}},"95":{"start":{"line":200,"column":4},"end":{"line":200,"column":42}},"96":{"start":{"line":201,"column":4},"end":{"line":201,"column":107}},"97":{"start":{"line":202,"column":4},"end":{"line":202,"column":63}},"98":{"start":{"line":203,"column":4},"end":{"line":203,"column":68}},"99":{"start":{"line":204,"column":4},"end":{"line":204,"column":20}},"100":{"start":{"line":208,"column":17},"end":{"line":208,"column":34}},"101":{"start":{"line":209,"column":2},"end":{"line":209,"column":22}},"102":{"start":{"line":210,"column":2},"end":{"line":210,"column":16}},"103":{"start":{"line":214,"column":0},"end":{"line":216,"column":1}},"104":{"start":{"line":215,"column":2},"end":{"line":215,"column":8}}},"fnMap":{"0":{"name":"loadCustomers","decl":{"start":{"line":19,"column":9},"end":{"line":19,"column":22}},"loc":{"start":{"line":19,"column":35},"end":{"line":32,"column":1}}},"1":{"name":"(anonymous_11)","decl":{"start":{"line":21,"column":18},"end":{"line":21,"column":19}},"loc":{"start":{"line":21,"column":57},"end":{"line":30,"column":6}}},"2":{"name":"loadProducts","decl":{"start":{"line":34,"column":9},"end":{"line":34,"column":21}},"loc":{"start":{"line":34,"column":34},"end":{"line":46,"column":1}}},"3":{"name":"(anonymous_13)","decl":{"start":{"line":36,"column":18},"end":{"line":36,"column":19}},"loc":{"start":{"line":36,"column":56},"end":{"line":44,"column":6}}},"4":{"name":"loadShippingZones","decl":{"start":{"line":48,"column":9},"end":{"line":48,"column":26}},"loc":{"start":{"line":48,"column":39},"end":{"line":58,"column":1}}},"5":{"name":"(anonymous_15)","decl":{"start":{"line":50,"column":18},"end":{"line":50,"column":19}},"loc":{"start":{"line":50,"column":43},"end":{"line":56,"column":6}}},"6":{"name":"loadPromotions","decl":{"start":{"line":60,"column":9},"end":{"line":60,"column":23}},"loc":{"start":{"line":60,"column":36},"end":{"line":73,"column":1}}},"7":{"name":"(anonymous_17)","decl":{"start":{"line":63,"column":18},"end":{"line":63,"column":19}},"loc":{"start":{"line":63,"column":51},"end":{"line":71,"column":6}}},"8":{"name":"loadOrders","decl":{"start":{"line":75,"column":9},"end":{"line":75,"column":19}},"loc":{"start":{"line":75,"column":32},"end":{"line":86,"column":1}}},"9":{"name":"(anonymous_19)","decl":{"start":{"line":76,"column":23},"end":{"line":76,"column":24}},"loc":{"start":{"line":76,"column":88},"end":{"line":85,"column":4}}},"10":{"name":"calculateShipping","decl":{"start":{"line":88,"column":9},"end":{"line":88,"column":26}},"loc":{"start":{"line":88,"column":109},"end":{"line":111,"column":3}}},"11":{"name":"run","decl":{"start":{"line":113,"column":9},"end":{"line":113,"column":12}},"loc":{"start":{"line":113,"column":12},"end":{"line":211,"column":1}}}},"branchMap":{"0":{"loc":{"start":{"line":26,"column":16},"end":{"line":26,"column":40}},"type":"binary-expr","locations":[{"start":{"line":26,"column":16},"end":{"line":26,"column":29}},{"start":{"line":26,"column":33},"end":{"line":26,"column":40}}]},"1":{"loc":{"start":{"line":27,"column":22},"end":{"line":27,"column":37}},"type":"binary-expr","locations":[{"start":{"line":27,"column":22},"end":{"line":27,"column":26}},{"start":{"line":27,"column":30},"end":{"line":27,"column":37}}]},"2":{"loc":{"start":{"line":28,"column":19},"end":{"line":28,"column":44}},"type":"binary-expr","locations":[{"start":{"line":28,"column":19},"end":{"line":28,"column":35}},{"start":{"line":28,"column":39},"end":{"line":28,"column":44}}]},"3":{"loc":{"start":{"line":41,"column":27},"end":{"line":41,"column":40}},"type":"binary-expr","locations":[{"start":{"line":41,"column":27},"end":{"line":41,"column":33}},{"start":{"line":41,"column":37},"end":{"line":41,"column":40}}]},"4":{"loc":{"start":{"line":54,"column":26},"end":{"line":54,"column":40}},"type":"binary-expr","locations":[{"start":{"line":54,"column":26},"end":{"line":54,"column":31}},{"start":{"line":54,"column":35},"end":{"line":54,"column":40}}]},"5":{"loc":{"start":{"line":61,"column":2},"end":{"line":61,"column":38}},"type":"if","locations":[{"start":{"line":61,"column":2},"end":{"line":61,"column":38}}]},"6":{"loc":{"start":{"line":83,"column":15},"end":{"line":83,"column":33}},"type":"binary-expr","locations":[{"start":{"line":83,"column":15},"end":{"line":83,"column":20}},{"start":{"line":83,"column":24},"end":{"line":83,"column":33}}]},"7":{"loc":{"start":{"line":84,"column":10},"end":{"line":84,"column":25}},"type":"binary-expr","locations":[{"start":{"line":84,"column":10},"end":{"line":84,"column":14}},{"start":{"line":84,"column":18},"end":{"line":84,"column":25}}]},"8":{"loc":{"start":{"line":90,"column":17},"end":{"line":90,"column":59}},"type":"binary-expr","locations":[{"start":{"line":90,"column":17},"end":{"line":90,"column":32}},{"start":{"line":90,"column":36},"end":{"line":90,"column":59}}]},"9":{"loc":{"start":{"line":92,"column":4},"end":{"line":108,"column":5}},"type":"if","locations":[{"start":{"line":92,"column":4},"end":{"line":108,"column":5}},{"start":{"line":104,"column":11},"end":{"line":108,"column":5}}]},"10":{"loc":{"start":{"line":93,"column":6},"end":{"line":99,"column":7}},"type":"if","locations":[{"start":{"line":93,"column":6},"end":{"line":99,"column":7}},{"start":{"line":95,"column":13},"end":{"line":99,"column":7}}]},"11":{"loc":{"start":{"line":95,"column":13},"end":{"line":99,"column":7}},"type":"if","locations":[{"start":{"line":95,"column":13},"end":{"line":99,"column":7}},{"start":{"line":97,"column":13},"end":{"line":99,"column":7}}]},"12":{"loc":{"start":{"line":101,"column":6},"end":{"line":103,"column":7}},"type":"if","locations":[{"start":{"line":101,"column":6},"end":{"line":103,"column":7}}]},"13":{"loc":{"start":{"line":101,"column":10},"end":{"line":101,"column":54}},"type":"binary-expr","locations":[{"start":{"line":101,"column":10},"end":{"line":101,"column":30}},{"start":{"line":101,"column":34},"end":{"line":101,"column":54}}]},"14":{"loc":{"start":{"line":105,"column":6},"end":{"line":107,"column":7}},"type":"if","locations":[{"start":{"line":105,"column":6},"end":{"line":107,"column":7}}]},"15":{"loc":{"start":{"line":126,"column":22},"end":{"line":126,"column":48}},"type":"binary-expr","locations":[{"start":{"line":126,"column":22},"end":{"line":126,"column":33}},{"start":{"line":126,"column":37},"end":{"line":126,"column":48}}]},"16":{"loc":{"start":{"line":129,"column":18},"end":{"line":129,"column":67}},"type":"cond-expr","locations":[{"start":{"line":129,"column":32},"end":{"line":129,"column":55}},{"start":{"line":129,"column":58},"end":{"line":129,"column":67}}]},"17":{"loc":{"start":{"line":130,"column":4},"end":{"line":136,"column":5}},"type":"if","locations":[{"start":{"line":130,"column":4},"end":{"line":136,"column":5}}]},"18":{"loc":{"start":{"line":131,"column":6},"end":{"line":135,"column":7}},"type":"if","locations":[{"start":{"line":131,"column":6},"end":{"line":135,"column":7}},{"start":{"line":133,"column":13},"end":{"line":135,"column":7}}]},"19":{"loc":{"start":{"line":139,"column":4},"end":{"line":139,"column":32}},"type":"if","locations":[{"start":{"line":139,"column":4},"end":{"line":139,"column":32}}]},"20":{"loc":{"start":{"line":141,"column":4},"end":{"line":141,"column":67}},"type":"binary-expr","locations":[{"start":{"line":141,"column":4},"end":{"line":141,"column":29}},{"start":{"line":141,"column":4},"end":{"line":141,"column":66}}]},"21":{"loc":{"start":{"line":143,"column":36},"end":{"line":143,"column":53}},"type":"binary-expr","locations":[{"start":{"line":143,"column":36},"end":{"line":143,"column":48}},{"start":{"line":143,"column":52},"end":{"line":143,"column":53}}]},"22":{"loc":{"start":{"line":154,"column":30},"end":{"line":154,"column":47}},"type":"binary-expr","locations":[{"start":{"line":154,"column":30},"end":{"line":154,"column":42}},{"start":{"line":154,"column":46},"end":{"line":154,"column":47}}]},"23":{"loc":{"start":{"line":157,"column":4},"end":{"line":162,"column":5}},"type":"if","locations":[{"start":{"line":157,"column":4},"end":{"line":162,"column":5}}]},"24":{"loc":{"start":{"line":170,"column":6},"end":{"line":173,"column":7}},"type":"if","locations":[{"start":{"line":170,"column":6},"end":{"line":173,"column":7}}]},"25":{"loc":{"start":{"line":170,"column":10},"end":{"line":170,"column":40}},"type":"binary-expr","locations":[{"start":{"line":170,"column":10},"end":{"line":170,"column":14}},{"start":{"line":170,"column":18},"end":{"line":170,"column":40}}]},"26":{"loc":{"start":{"line":177,"column":4},"end":{"line":188,"column":5}},"type":"if","locations":[{"start":{"line":177,"column":4},"end":{"line":188,"column":5}},{"start":{"line":179,"column":11},"end":{"line":188,"column":5}}]},"27":{"loc":{"start":{"line":182,"column":8},"end":{"line":185,"column":9}},"type":"if","locations":[{"start":{"line":182,"column":8},"end":{"line":185,"column":9}}]},"28":{"loc":{"start":{"line":182,"column":12},"end":{"line":182,"column":42}},"type":"binary-expr","locations":[{"start":{"line":182,"column":12},"end":{"line":182,"column":16}},{"start":{"line":182,"column":20},"end":{"line":182,"column":42}}]},"29":{"loc":{"start":{"line":183,"column":40},"end":{"line":183,"column":68}},"type":"binary-expr","locations":[{"start":{"line":183,"column":40},"end":{"line":183,"column":50}},{"start":{"line":183,"column":54},"end":{"line":183,"column":68}}]},"30":{"loc":{"start":{"line":203,"column":46},"end":{"line":203,"column":63}},"type":"binary-expr","locations":[{"start":{"line":203,"column":46},"end":{"line":203,"column":58}},{"start":{"line":203,"column":62},"end":{"line":203,"column":63}}]},"31":{"loc":{"start":{"line":214,"column":0},"end":{"line":216,"column":1}},"type":"if","locations":[{"start":{"line":214,"column":0},"end":{"line":216,"column":1}}]}},"s":{"0":2,"1":2,"2":2,"3":2,"4":2,"5":2,"6":2,"7":2,"8":2,"9":12,"10":2,"11":16,"12":2,"13":4,"14":2,"15":1,"16":1,"17":5,"18":2,"19":27,"20":12,"21":12,"22":12,"23":0,"24":0,"25":0,"26":0,"27":0,"28":0,"29":0,"30":12,"31":3,"32":12,"33":2,"34":2,"35":2,"36":2,"37":2,"38":2,"39":2,"40":2,"41":2,"42":27,"43":27,"44":27,"45":27,"46":27,"47":5,"48":5,"49":0,"50":27,"51":27,"52":8,"53":27,"54":27,"55":27,"56":27,"57":2,"58":2,"59":12,"60":12,"61":12,"62":12,"63":12,"64":12,"65":12,"66":3,"67":3,"68":3,"69":3,"70":12,"71":12,"72":12,"73":12,"74":12,"75":12,"76":10,"77":10,"78":12,"79":12,"80":2,"81":10,"82":25,"83":25,"84":0,"85":0,"86":10,"87":12,"88":12,"89":12,"90":12,"91":12,"92":12,"93":12,"94":12,"95":12,"96":12,"97":12,"98":12,"99":12,"100":2,"101":2,"102":2,"103":2,"104":0},"f":{"0":2,"1":12,"2":2,"3":16,"4":2,"5":4,"6":2,"7":5,"8":2,"9":27,"10":12,"11":2},"b":{"0":[12,0],"1":[12,0],"2":[12,0],"3":[16,0],"4":[4,0],"5":[1],"6":[27,22],"7":[27,0],"8":[12,2],"9":[0,12],"10":[0,0],"11":[0,0],"12":[0],"13":[0,0],"14":[3],"15":[27,1],"16":[5,22],"17":[5],"18":[5,0],"19":[8],"20":[27,12],"21":[27,1],"22":[12,0],"23":[3],"24":[10],"25":[12,11],"26":[2,10],"27":[0],"28":[25,25],"29":[0,0],"30":[12,0],"31":[0]}}
,"/Users/guillaumerak-lecler/Documents/ALT/js_ts/legacy/utils.ts": {"path":"/Users/guillaumerak-lecler/Documents/ALT/js_ts/legacy/utils.ts","statementMap":{"0":{"start":{"line":45,"column":10},"end":{"line":45,"column":17}},"1":{"start":{"line":45,"column":19},"end":{"line":45,"column":41}},"2":{"start":{"line":45,"column":43},"end":{"line":45,"column":58}},"3":{"start":{"line":45,"column":60},"end":{"line":45,"column":74}},"4":{"start":{"line":1,"column":0},"end":{"line":1,"column":25}},"5":{"start":{"line":6,"column":4},"end":{"line":11,"column":44}},"6":{"start":{"line":11,"column":19},"end":{"line":11,"column":42}},"7":{"start":{"line":15,"column":4},"end":{"line":18,"column":37}},"8":{"start":{"line":16,"column":6},"end":{"line":16,"column":88}},"9":{"start":{"line":17,"column":6},"end":{"line":17,"column":17}},"10":{"start":{"line":22,"column":4},"end":{"line":22,"column":58}},"11":{"start":{"line":22,"column":22},"end":{"line":22,"column":58}},"12":{"start":{"line":23,"column":4},"end":{"line":23,"column":56}},"13":{"start":{"line":23,"column":22},"end":{"line":23,"column":56}},"14":{"start":{"line":24,"column":4},"end":{"line":24,"column":13}},"15":{"start":{"line":29,"column":15},"end":{"line":29,"column":16}},"16":{"start":{"line":30,"column":4},"end":{"line":33,"column":41}},"17":{"start":{"line":30,"column":43},"end":{"line":30,"column":60}},"18":{"start":{"line":31,"column":9},"end":{"line":33,"column":41}},"19":{"start":{"line":31,"column":24},"end":{"line":31,"column":42}},"20":{"start":{"line":32,"column":9},"end":{"line":33,"column":41}},"21":{"start":{"line":32,"column":24},"end":{"line":32,"column":41}},"22":{"start":{"line":33,"column":9},"end":{"line":33,"column":41}},"23":{"start":{"line":33,"column":23},"end":{"line":33,"column":41}},"24":{"start":{"line":35,"column":4},"end":{"line":38,"column":5}},"25":{"start":{"line":36,"column":18},"end":{"line":36,"column":51}},"26":{"start":{"line":37,"column":6},"end":{"line":37,"column":47}},"27":{"start":{"line":37,"column":34},"end":{"line":37,"column":47}},"28":{"start":{"line":40,"column":4},"end":{"line":40,"column":16}}},"fnMap":{"0":{"name":"readCsv","decl":{"start":{"line":5,"column":10},"end":{"line":5,"column":17}},"loc":{"start":{"line":5,"column":67},"end":{"line":12,"column":3}}},"1":{"name":"(anonymous_10)","decl":{"start":{"line":11,"column":11},"end":{"line":11,"column":15}},"loc":{"start":{"line":11,"column":19},"end":{"line":11,"column":42}}},"2":{"name":"calculateLoyaltyPoints","decl":{"start":{"line":14,"column":10},"end":{"line":14,"column":32}},"loc":{"start":{"line":14,"column":70},"end":{"line":19,"column":3}}},"3":{"name":"(anonymous_12)","decl":{"start":{"line":15,"column":25},"end":{"line":15,"column":26}},"loc":{"start":{"line":15,"column":36},"end":{"line":18,"column":5}}},"4":{"name":"loyaltyDiscount","decl":{"start":{"line":21,"column":11},"end":{"line":21,"column":26}},"loc":{"start":{"line":21,"column":41},"end":{"line":25,"column":3}}},"5":{"name":"volumeDiscount","decl":{"start":{"line":28,"column":11},"end":{"line":28,"column":25}},"loc":{"start":{"line":28,"column":88},"end":{"line":41,"column":3}}}},"branchMap":{"0":{"loc":{"start":{"line":16,"column":27},"end":{"line":16,"column":49}},"type":"binary-expr","locations":[{"start":{"line":16,"column":27},"end":{"line":16,"column":44}},{"start":{"line":16,"column":48},"end":{"line":16,"column":49}}]},"1":{"loc":{"start":{"line":22,"column":4},"end":{"line":22,"column":58}},"type":"if","locations":[{"start":{"line":22,"column":4},"end":{"line":22,"column":58}}]},"2":{"loc":{"start":{"line":23,"column":4},"end":{"line":23,"column":56}},"type":"if","locations":[{"start":{"line":23,"column":4},"end":{"line":23,"column":56}}]},"3":{"loc":{"start":{"line":30,"column":4},"end":{"line":33,"column":41}},"type":"if","locations":[{"start":{"line":30,"column":4},"end":{"line":33,"column":41}},{"start":{"line":31,"column":9},"end":{"line":33,"column":41}}]},"4":{"loc":{"start":{"line":30,"column":8},"end":{"line":30,"column":41}},"type":"binary-expr","locations":[{"start":{"line":30,"column":8},"end":{"line":30,"column":18}},{"start":{"line":30,"column":22},"end":{"line":30,"column":41}}]},"5":{"loc":{"start":{"line":31,"column":9},"end":{"line":33,"column":41}},"type":"if","locations":[{"start":{"line":31,"column":9},"end":{"line":33,"column":41}},{"start":{"line":32,"column":9},"end":{"line":33,"column":41}}]},"6":{"loc":{"start":{"line":32,"column":9},"end":{"line":33,"column":41}},"type":"if","locations":[{"start":{"line":32,"column":9},"end":{"line":33,"column":41}},{"start":{"line":33,"column":9},"end":{"line":33,"column":41}}]},"7":{"loc":{"start":{"line":33,"column":9},"end":{"line":33,"column":41}},"type":"if","locations":[{"start":{"line":33,"column":9},"end":{"line":33,"column":41}}]},"8":{"loc":{"start":{"line":35,"column":4},"end":{"line":38,"column":5}},"type":"if","locations":[{"start":{"line":35,"column":4},"end":{"line":38,"column":5}}]},"9":{"loc":{"start":{"line":37,"column":6},"end":{"line":37,"column":47}},"type":"if","locations":[{"start":{"line":37,"column":6},"end":{"line":37,"column":47}}]},"10":{"loc":{"start":{"line":37,"column":10},"end":{"line":37,"column":32}},"type":"binary-expr","locations":[{"start":{"line":37,"column":10},"end":{"line":37,"column":19}},{"start":{"line":37,"column":23},"end":{"line":37,"column":32}}]}},"s":{"0":4,"1":4,"2":4,"3":4,"4":4,"5":10,"6":67,"7":3,"8":30,"9":30,"10":15,"11":1,"12":14,"13":1,"14":13,"15":15,"16":15,"17":4,"18":11,"19":1,"20":10,"21":7,"22":3,"23":2,"24":15,"25":12,"26":12,"27":2,"28":15},"f":{"0":10,"1":67,"2":3,"3":30,"4":15,"5":15},"b":{"0":[30,14],"1":[1],"2":[1],"3":[4,11],"4":[15,4],"5":[1,10],"6":[7,3],"7":[2],"8":[12],"9":[2],"10":[12,11]}}
}
