TN:
SF:legacy/orderReportRefacto.ts
FN:19,loadCustomers
FN:21,(anonymous_11)
FN:34,loadProducts
FN:36,(anonymous_13)
FN:48,loadShippingZones
FN:50,(anonymous_15)
FN:60,loadPromotions
FN:63,(anonymous_17)
FN:75,loadOrders
FN:76,(anonymous_19)
FN:88,calculateShipping
FN:113,run
FNF:12
FNH:12
FNDA:2,loadCustomers
FNDA:12,(anonymous_11)
FNDA:2,loadProducts
FNDA:16,(anonymous_13)
FNDA:2,loadShippingZones
FNDA:4,(anonymous_15)
FNDA:2,loadPromotions
FNDA:5,(anonymous_17)
FNDA:2,loadOrders
FNDA:27,(anonymous_19)
FNDA:12,calculateShipping
FNDA:2,run
DA:1,2
DA:2,2
DA:11,2
DA:14,2
DA:15,2
DA:16,2
DA:17,2
DA:20,2
DA:21,12
DA:35,2
DA:36,16
DA:49,2
DA:50,4
DA:61,2
DA:62,1
DA:63,5
DA:76,27
DA:89,12
DA:90,12
DA:92,12
DA:93,0
DA:94,0
DA:95,0
DA:96,0
DA:98,0
DA:101,0
DA:102,0
DA:105,12
DA:106,3
DA:110,12
DA:114,2
DA:115,2
DA:116,2
DA:117,2
DA:118,2
DA:119,2
DA:121,2
DA:122,2
DA:124,2
DA:125,27
DA:126,27
DA:127,27
DA:129,27
DA:130,27
DA:131,5
DA:132,5
DA:134,0
DA:138,27
DA:139,27
DA:141,27
DA:142,27
DA:143,27
DA:144,27
DA:147,2
DA:149,2
DA:150,12
DA:151,12
DA:152,12
DA:153,12
DA:154,12
DA:156,12
DA:157,12
DA:158,3
DA:159,3
DA:160,3
DA:161,3
DA:164,12
DA:166,12
DA:167,12
DA:168,12
DA:169,12
DA:170,12
DA:171,10
DA:172,10
DA:176,12
DA:177,12
DA:178,2
DA:180,10
DA:181,25
DA:182,25
DA:183,0
DA:184,0
DA:187,10
DA:190,12
DA:192,12
DA:194,12
DA:195,12
DA:196,12
DA:197,12
DA:198,12
DA:199,12
DA:200,12
DA:201,12
DA:202,12
DA:203,12
DA:204,12
DA:208,2
DA:209,2
DA:210,2
DA:214,2
DA:215,0
DA:218,2
LF:102
LH:91
BRDA:26,0,0,12
BRDA:26,0,1,0
BRDA:27,1,0,12
BRDA:27,1,1,0
BRDA:28,2,0,12
BRDA:28,2,1,0
BRDA:41,3,0,16
BRDA:41,3,1,0
BRDA:54,4,0,4
BRDA:54,4,1,0
BRDA:61,5,0,1
BRDA:83,6,0,27
BRDA:83,6,1,22
BRDA:84,7,0,27
BRDA:84,7,1,0
BRDA:90,8,0,12
BRDA:90,8,1,2
BRDA:92,9,0,0
BRDA:92,9,1,12
BRDA:93,10,0,0
BRDA:93,10,1,0
BRDA:95,11,0,0
BRDA:95,11,1,0
BRDA:101,12,0,0
BRDA:101,13,0,0
BRDA:101,13,1,0
BRDA:105,14,0,3
BRDA:126,15,0,27
BRDA:126,15,1,1
BRDA:129,16,0,5
BRDA:129,16,1,22
BRDA:130,17,0,5
BRDA:131,18,0,5
BRDA:131,18,1,0
BRDA:139,19,0,8
BRDA:141,20,0,27
BRDA:141,20,1,12
BRDA:143,21,0,27
BRDA:143,21,1,1
BRDA:154,22,0,12
BRDA:154,22,1,0
BRDA:157,23,0,3
BRDA:170,24,0,10
BRDA:170,25,0,12
BRDA:170,25,1,11
BRDA:177,26,0,2
BRDA:177,26,1,10
BRDA:182,27,0,0
BRDA:182,28,0,25
BRDA:182,28,1,25
BRDA:183,29,0,0
BRDA:183,29,1,0
BRDA:203,30,0,12
BRDA:203,30,1,0
BRDA:214,31,0,0
BRF:55
BRH:34
end_of_record
TN:
SF:legacy/utils.ts
FN:5,readCsv
FN:11,(anonymous_10)
FN:14,calculateLoyaltyPoints
FN:15,(anonymous_12)
FN:21,loyaltyDiscount
FN:28,volumeDiscount
FNF:6
FNH:6
FNDA:10,readCsv
FNDA:67,(anonymous_10)
FNDA:3,calculateLoyaltyPoints
FNDA:30,(anonymous_12)
FNDA:15,loyaltyDiscount
FNDA:15,volumeDiscount
DA:1,4
DA:6,10
DA:11,67
DA:15,3
DA:16,30
DA:17,30
DA:22,15
DA:23,14
DA:24,13
DA:29,15
DA:30,15
DA:31,11
DA:32,10
DA:33,3
DA:35,15
DA:36,12
DA:37,12
DA:40,15
DA:45,4
LF:19
LH:19
BRDA:16,0,0,30
BRDA:16,0,1,14
BRDA:22,1,0,1
BRDA:23,2,0,1
BRDA:30,3,0,4
BRDA:30,3,1,11
BRDA:30,4,0,15
BRDA:30,4,1,4
BRDA:31,5,0,1
BRDA:31,5,1,10
BRDA:32,6,0,7
BRDA:32,6,1,3
BRDA:33,7,0,2
BRDA:35,8,0,12
BRDA:37,9,0,2
BRDA:37,10,0,12
BRDA:37,10,1,11
BRF:17
BRH:17
end_of_record
