TN:
SF:legacy/orderReportRefacto.ts
FN:19,loadCustomers
FN:21,(anonymous_11)
FN:34,loadProducts
FN:36,(anonymous_13)
FN:48,loadShippingZones
FN:50,(anonymous_15)
FN:60,loadPromotions
FN:63,(anonymous_17)
FN:75,loadOrders
FN:76,(anonymous_19)
FN:88,run
FNF:11
FNH:11
FNDA:2,loadCustomers
FNDA:12,(anonymous_11)
FNDA:2,loadProducts
FNDA:16,(anonymous_13)
FNDA:2,loadShippingZones
FNDA:4,(anonymous_15)
FNDA:2,loadPromotions
FNDA:5,(anonymous_17)
FNDA:2,loadOrders
FNDA:27,(anonymous_19)
FNDA:2,run
DA:1,2
DA:2,2
DA:11,2
DA:14,2
DA:15,2
DA:16,2
DA:17,2
DA:20,2
DA:21,12
DA:35,2
DA:36,16
DA:49,2
DA:50,4
DA:61,2
DA:62,1
DA:63,5
DA:76,27
DA:89,2
DA:90,2
DA:91,2
DA:92,2
DA:93,2
DA:94,2
DA:96,2
DA:97,2
DA:99,2
DA:100,27
DA:101,27
DA:102,27
DA:104,27
DA:105,27
DA:106,5
DA:107,5
DA:109,0
DA:113,27
DA:114,27
DA:116,27
DA:117,27
DA:118,27
DA:119,27
DA:122,2
DA:124,2
DA:125,12
DA:126,12
DA:127,12
DA:128,12
DA:129,12
DA:131,12
DA:132,12
DA:133,3
DA:134,3
DA:135,3
DA:136,3
DA:139,12
DA:141,12
DA:142,12
DA:143,12
DA:144,12
DA:145,12
DA:146,10
DA:147,10
DA:151,12
DA:152,12
DA:153,2
DA:155,10
DA:156,25
DA:157,25
DA:158,0
DA:159,0
DA:162,10
DA:165,12
DA:167,12
DA:169,12
DA:170,12
DA:171,12
DA:172,12
DA:173,12
DA:174,12
DA:175,12
DA:176,12
DA:177,12
DA:178,12
DA:179,12
DA:183,2
DA:184,2
DA:185,2
DA:189,2
DA:190,0
DA:193,2
LF:89
LH:85
BRDA:26,0,0,12
BRDA:26,0,1,0
BRDA:27,1,0,12
BRDA:27,1,1,0
BRDA:28,2,0,12
BRDA:28,2,1,0
BRDA:41,3,0,16
BRDA:41,3,1,0
BRDA:54,4,0,4
BRDA:54,4,1,0
BRDA:61,5,0,1
BRDA:83,6,0,27
BRDA:83,6,1,22
BRDA:84,7,0,27
BRDA:84,7,1,0
BRDA:101,8,0,27
BRDA:101,8,1,1
BRDA:104,9,0,5
BRDA:104,9,1,22
BRDA:105,10,0,5
BRDA:106,11,0,5
BRDA:106,11,1,0
BRDA:114,12,0,8
BRDA:116,13,0,27
BRDA:116,13,1,12
BRDA:118,14,0,27
BRDA:118,14,1,1
BRDA:129,15,0,12
BRDA:129,15,1,0
BRDA:132,16,0,3
BRDA:145,17,0,10
BRDA:145,18,0,12
BRDA:145,18,1,11
BRDA:152,19,0,2
BRDA:152,19,1,10
BRDA:157,20,0,0
BRDA:157,21,0,25
BRDA:157,21,1,25
BRDA:158,22,0,0
BRDA:158,22,1,0
BRDA:178,23,0,12
BRDA:178,23,1,0
BRDA:189,24,0,0
BRF:43
BRH:30
end_of_record
TN:
SF:legacy/utils.ts
FN:5,readCsv
FN:11,(anonymous_10)
FN:14,calculateLoyaltyPoints
FN:15,(anonymous_12)
FN:21,loyaltyDiscount
FN:28,volumeDiscount
FN:43,calculateShipping
FNF:7
FNH:7
FNDA:10,readCsv
FNDA:67,(anonymous_10)
FNDA:3,calculateLoyaltyPoints
FNDA:30,(anonymous_12)
FNDA:15,loyaltyDiscount
FNDA:15,volumeDiscount
FNDA:12,calculateShipping
DA:1,4
DA:6,10
DA:11,67
DA:15,3
DA:16,30
DA:17,30
DA:22,15
DA:23,14
DA:24,13
DA:29,15
DA:30,15
DA:31,11
DA:32,10
DA:33,3
DA:35,15
DA:36,12
DA:37,12
DA:40,15
DA:44,12
DA:45,12
DA:47,12
DA:48,0
DA:49,0
DA:50,0
DA:51,0
DA:53,0
DA:56,0
DA:57,0
DA:60,12
DA:61,3
DA:65,12
DA:70,4
LF:32
LH:25
BRDA:16,0,0,30
BRDA:16,0,1,14
BRDA:22,1,0,1
BRDA:23,2,0,1
BRDA:30,3,0,4
BRDA:30,3,1,11
BRDA:30,4,0,15
BRDA:30,4,1,4
BRDA:31,5,0,1
BRDA:31,5,1,10
BRDA:32,6,0,7
BRDA:32,6,1,3
BRDA:33,7,0,2
BRDA:35,8,0,12
BRDA:37,9,0,2
BRDA:37,10,0,12
BRDA:37,10,1,11
BRDA:45,11,0,12
BRDA:45,11,1,2
BRDA:47,12,0,0
BRDA:47,12,1,12
BRDA:48,13,0,0
BRDA:48,13,1,0
BRDA:50,14,0,0
BRDA:50,14,1,0
BRDA:56,15,0,0
BRDA:56,16,0,0
BRDA:56,16,1,0
BRDA:60,17,0,3
BRF:29
BRH:21
end_of_record
